<?xml version="1.0" encoding="UTF-8"?>
<!-- Generated by org.testng.reporters.JUnitReportReporter -->
<testsuite hostname="ranto-HP-Laptop-14-cm0xxx" failures="0" tests="1" name="testrunners.MyTestRunner" time="0.091" errors="1" timestamp="20 Nov 2022 14:18:52 GMT" skipped="0">
  <testcase classname="testrunners.MyTestRunner" name="setUpClass" time="0.091">
    <error message="Couldn&#039;t create parent directories of &#039;/home/ancient/eclipse-workspace/BDD-Hybrid-Selenium-Cucumber/target/cucumber-reports/Cucumber2021.json&#039;.
Make sure the the parent directory &#039;/home/ancient/eclipse-workspace/BDD-Hybrid-Selenium-Cucumber/target/cucumber-reports&#039; isn&#039;t a file.

Note: This usually happens when plugins write to colliding paths.
For example: &#039;html:target/cucumber, json:target/cucumber/report.json&#039;
You can fix this by making the paths do no collide.
For example: &#039;html:target/cucumber/report.html, json:target/cucumber/report.json&#039;
The details are in the stack trace below:" type="java.lang.IllegalArgumentException">
      <![CDATA[java.lang.IllegalArgumentException: Couldn't create parent directories of '/home/ancient/eclipse-workspace/BDD-Hybrid-Selenium-Cucumber/target/cucumber-reports/Cucumber2021.json'.
Make sure the the parent directory '/home/ancient/eclipse-workspace/BDD-Hybrid-Selenium-Cucumber/target/cucumber-reports' isn't a file.

Note: This usually happens when plugins write to colliding paths.
For example: 'html:target/cucumber, json:target/cucumber/report.json'
You can fix this by making the paths do no collide.
For example: 'html:target/cucumber/report.html, json:target/cucumber/report.json'
The details are in the stack trace below:
at io.cucumber.core.plugin.PluginFactory.createFileOutputStream(PluginFactory.java:222)
at io.cucumber.core.plugin.PluginFactory.openStream(PluginFactory.java:199)
at io.cucumber.core.plugin.PluginFactory.convert(PluginFactory.java:166)
at io.cucumber.core.plugin.PluginFactory.instantiate(PluginFactory.java:99)
at io.cucumber.core.plugin.PluginFactory.create(PluginFactory.java:63)
at io.cucumber.core.plugin.Plugins.createPlugins(Plugins.java:32)
at io.cucumber.core.plugin.Plugins.<init>(Plugins.java:25)
at io.cucumber.testng.TestNGCucumberRunner.<init>(TestNGCucumberRunner.java:92)
at io.cucumber.testng.AbstractTestNGCucumberTests.setUpClass(AbstractTestNGCucumberTests.java:23)
at java.base/jdk.internal.reflect.NativeMethodAccessorImpl.invoke0(Native Method)
at java.base/jdk.internal.reflect.NativeMethodAccessorImpl.invoke(NativeMethodAccessorImpl.java:77)
at java.base/jdk.internal.reflect.DelegatingMethodAccessorImpl.invoke(DelegatingMethodAccessorImpl.java:43)
at java.base/java.lang.reflect.Method.invoke(Method.java:568)
at org.testng.internal.MethodInvocationHelper.invokeMethod(MethodInvocationHelper.java:124)
at org.testng.internal.MethodInvocationHelper.invokeMethodConsideringTimeout(MethodInvocationHelper.java:59)
at org.testng.internal.Invoker.invokeConfigurationMethod(Invoker.java:458)
at org.testng.internal.Invoker.invokeConfigurations(Invoker.java:222)
at org.testng.internal.Invoker.invokeConfigurations(Invoker.java:142)
at org.testng.internal.TestMethodWorker.invokeBeforeClassMethods(TestMethodWorker.java:168)
at org.testng.internal.TestMethodWorker.run(TestMethodWorker.java:105)
at org.testng.TestRunner.privateRun(TestRunner.java:648)
at org.testng.TestRunner.run(TestRunner.java:505)
at org.testng.SuiteRunner.runTest(SuiteRunner.java:455)
at org.testng.SuiteRunner.runSequentially(SuiteRunner.java:450)
at org.testng.SuiteRunner.privateRun(SuiteRunner.java:415)
at org.testng.SuiteRunner.run(SuiteRunner.java:364)
at org.testng.SuiteRunnerWorker.runSuite(SuiteRunnerWorker.java:52)
at org.testng.SuiteRunnerWorker.run(SuiteRunnerWorker.java:84)
at org.testng.TestNG.runSuitesSequentially(TestNG.java:1208)
at org.testng.TestNG.runSuitesLocally(TestNG.java:1137)
at org.testng.TestNG.runSuites(TestNG.java:1049)
at org.testng.TestNG.run(TestNG.java:1017)
at org.testng.remote.AbstractRemoteTestNG.run(AbstractRemoteTestNG.java:115)
at org.testng.remote.RemoteTestNG.initAndRun(RemoteTestNG.java:251)
at org.testng.remote.RemoteTestNG.main(RemoteTestNG.java:77)
Caused by: java.nio.file.FileAlreadyExistsException: /home/ancient/eclipse-workspace/BDD-Hybrid-Selenium-Cucumber/target/cucumber-reports
at java.base/sun.nio.fs.UnixException.translateToIOException(UnixException.java:94)
at java.base/sun.nio.fs.UnixException.rethrowAsIOException(UnixException.java:106)
at java.base/sun.nio.fs.UnixException.rethrowAsIOException(UnixException.java:111)
at java.base/sun.nio.fs.UnixFileSystemProvider.createDirectory(UnixFileSystemProvider.java:397)
at java.base/java.nio.file.Files.createDirectory(Files.java:700)
at java.base/java.nio.file.Files.createAndCheckIsDirectory(Files.java:807)
at java.base/java.nio.file.Files.createDirectories(Files.java:753)
at io.cucumber.core.plugin.PluginFactory.createFileOutputStream(PluginFactory.java:218)
... 34 more
]]>
    </error>
  </testcase> <!-- setUpClass -->
</testsuite> <!-- testrunners.MyTestRunner -->
